Flow report for CircuitoDigital
Mon Aug 17 17:47:36 2015
Quartus II Version 9.0 Build 235 06/17/2009 Service Pack 2 SJ Web Edition


---------------------
; Table of Contents ;
---------------------
  1. Legal Notice
  2. Flow Summary
  3. Flow Settings
  4. Flow Non-Default Global Settings
  5. Flow Elapsed Time
  6. Flow OS Summary
  7. Flow Log



----------------
; Legal Notice ;
----------------
Copyright (C) 1991-2009 Altera Corporation
Your use of Altera Corporation's design tools, logic functions 
and other software and tools, and its AMPP partner logic 
functions, and any output files from any of the foregoing 
(including device programming or simulation files), and any 
associated documentation or information are expressly subject 
to the terms and conditions of the Altera Program License 
Subscription Agreement, Altera MegaCore Function License 
Agreement, or other applicable license agreement, including, 
without limitation, that your use is for the sole purpose of 
programming logic devices manufactured by Altera and sold by 
Altera or its authorized distributors.  Please refer to the 
applicable agreement for further details.



+------------------------------------------------------------------------+
; Flow Summary                                                           ;
+-------------------------+----------------------------------------------+
; Flow Status             ; Successful - Mon Aug 17 17:47:36 2015        ;
; Quartus II Version      ; 9.0 Build 235 06/17/2009 SP 2 SJ Web Edition ;
; Revision Name           ; CircuitoDigital                              ;
; Top-level Entity Name   ; CircuitoDigital                              ;
; Family                  ; ACEX1K                                       ;
; Device                  ; EP1K100QC208-3                               ;
; Timing Models           ; Final                                        ;
; Met timing requirements ; No                                           ;
; Total logic elements    ; 164 / 4,992 ( 3 % )                          ;
; Total pins              ; 32 / 147 ( 22 % )                            ;
; Total memory bits       ; 0 / 49,152 ( 0 % )                           ;
; Total PLLs              ; 0                                            ;
+-------------------------+----------------------------------------------+


+-----------------------------------------+
; Flow Settings                           ;
+-------------------+---------------------+
; Option            ; Setting             ;
+-------------------+---------------------+
; Start date & time ; 08/17/2015 17:47:28 ;
; Main task         ; Compilation         ;
; Revision Name     ; CircuitoDigital     ;
+-------------------+---------------------+


+-------------------------------------------------------------------------------------------------------------------------------------------------------------------------------------------+
; Flow Non-Default Global Settings                                                                                                                                                          ;
+------------------------------------+-------------------------------------------------------------------------------------------------------+---------------+-------------+----------------+
; Assignment Name                    ; Value                                                                                                 ; Default Value ; Entity Name ; Section Id     ;
+------------------------------------+-------------------------------------------------------------------------------------------------------+---------------+-------------+----------------+
; COMPILER_SIGNATURE_ID              ; 233360587526945.143984444705032                                                                       ; --            ; --          ; --             ;
; MISC_FILE                          ; /media/RENATO 8GB/PBL/CircuitoDigital/CircuitoDigital.dpf                                             ; --            ; --          ; --             ;
; MISC_FILE                          ; C:/Users/Renato/Documents/PBL/CircuitoDigital/CircuitoDigital.dpf                                     ; --            ; --          ; --             ;
; MISC_FILE                          ; /media/ALLEN/engenharia de computação/PBL Completo Versao Final/CircuitoDigital/CircuitoDigital.dpf ; --            ; --          ; --             ;
; USE_GENERATED_PHYSICAL_CONSTRAINTS ; Off                                                                                                   ; --            ; --          ; eda_blast_fpga ;
+------------------------------------+-------------------------------------------------------------------------------------------------------+---------------+-------------+----------------+


+-----------------------------------------------------------------------------------------------------------------------------+
; Flow Elapsed Time                                                                                                           ;
+-------------------------+--------------+-------------------------+---------------------+------------------------------------+
; Module Name             ; Elapsed Time ; Average Processors Used ; Peak Virtual Memory ; Total CPU Time (on all processors) ;
+-------------------------+--------------+-------------------------+---------------------+------------------------------------+
; Analysis & Synthesis    ; 00:00:02     ; 1.0                     ; 222 MB              ; 00:00:02                           ;
; Fitter                  ; 00:00:04     ; 1.0                     ; 216 MB              ; 00:00:04                           ;
; Assembler               ; 00:00:01     ; 1.0                     ; 211 MB              ; 00:00:00                           ;
; Classic Timing Analyzer ; 00:00:00     ; 1.0                     ; 177 MB              ; 00:00:00                           ;
; Total                   ; 00:00:07     ; --                      ; --                  ; 00:00:06                           ;
+-------------------------+--------------+-------------------------+---------------------+------------------------------------+


+------------------------------------------------------------------------------------------+
; Flow OS Summary                                                                          ;
+-------------------------+------------------+---------------+------------+----------------+
; Module Name             ; Machine Hostname ; OS Name       ; OS Version ; Processor type ;
+-------------------------+------------------+---------------+------------+----------------+
; Analysis & Synthesis    ; Allen            ; Windows Vista ; 6.2        ; x86_64         ;
; Fitter                  ; Allen            ; Windows Vista ; 6.2        ; x86_64         ;
; Assembler               ; Allen            ; Windows Vista ; 6.2        ; x86_64         ;
; Classic Timing Analyzer ; Allen            ; Windows Vista ; 6.2        ; x86_64         ;
+-------------------------+------------------+---------------+------------+----------------+


------------
; Flow Log ;
------------
quartus_map --read_settings_files=on --write_settings_files=off CircuitoDigital -c CircuitoDigital
quartus_fit --read_settings_files=off --write_settings_files=off CircuitoDigital -c CircuitoDigital
quartus_asm --read_settings_files=off --write_settings_files=off CircuitoDigital -c CircuitoDigital
quartus_tan --read_settings_files=off --write_settings_files=off CircuitoDigital -c CircuitoDigital



